<?xml version="1.0" encoding="UTF-8"?>
<!-- Generated by org.testng.reporters.JUnitReportReporter -->
<testsuite hostname="niren-dell-PC" name="com.testng.maven.testngMavenTest" tests="1" failures="0" timestamp="27 Sep 2015 22:29:10 GMT" time="0.001" errors="0">
  <testcase name="testMavenExample" time="0.001" classname="com.testng.maven.testngMavenTest"/>
</testsuite> <!-- com.testng.maven.testngMavenTest -->
