<?xml version="1.0" encoding="UTF-8"?>
<!-- Generated by org.testng.reporters.JUnitReportReporter -->
<testsuite hostname="niren-dell-PC" name="com.testng.maven.TestCalcAddTestng" tests="1" failures="0" timestamp="27 Sep 2015 22:29:10 GMT" time="0.017" errors="0">
  <testcase name="testAdd" time="0.017" classname="com.testng.maven.TestCalcAddTestng"/>
</testsuite> <!-- com.testng.maven.TestCalcAddTestng -->
