<?xml version="1.0" encoding="UTF-8"?>
<!-- Generated by org.testng.reporters.JUnitReportReporter -->
<testsuite hostname="niren-dell-PC" name="com.testng.maven.TestCalcMultTestng" tests="1" failures="0" timestamp="27 Sep 2015 21:20:12 GMT" time="0.001" errors="0">
  <testcase name="testMult" time="0.001" classname="com.testng.maven.TestCalcMultTestng"/>
</testsuite> <!-- com.testng.maven.TestCalcMultTestng -->
